064b2e30-ba96-48be-abe3-a7a418ce68bc bard timestamp=1442604466.808991s
0b29c03a-0eef-48ed-8e88-f340bb500acd umeboshi@cypress:~/workspace/annexation timestamp=1442635254.126682s
1a6827fe-9821-405e-892f-2d6b6e02dea5 bard timestamp=1437105527.087486s
1fcf0735-a1f9-4331-97ec-923705c9137e gazebo timestamp=1442179572.158209s
22993972-5019-4fac-b0e9-12264894a7b4 mybook timestamp=1442202050.596393s
42d00fa5-c5fb-4958-992d-e649e9ffcbd8 ureshisaa timestamp=1442192169.685268s
4dac933f-85d5-4ef7-a080-ed5dbb17531f tmp timestamp=1437092094.977706s
5352f252-68d5-451d-8e16-6ca799015170 bard timestamp=1437096309.01802s
5cff8785-b33c-4e06-b960-e97c9fdc82a0 bard timestamp=1437183208.571498s
7355c4d2-fe09-4d25-9c97-7376fe51932b temp timestamp=1437100567.816982s
7edd14c1-a9c0-4884-85c2-d4423cb73866 gazebo timestamp=1437163312.990945s
9733bafc-18c6-49f9-89a4-ccbcfd376165 extra timestamp=1437091838.449667s
a7ac308e-7084-4bfc-9264-e841e0a74c63 cypress timestamp=1437172043.135081s
ab7d32eb-2dc8-43a2-879d-184c497c9e1c umeboshi@pegatron:~/tmp/ifarchive timestamp=1437179646.61989s
ad1805c1-5654-45b5-ba9f-e77647622a43 bard timestamp=1437091523.763211s
b33dd9c3-f499-44d5-97d6-83f957cb9ada libutron timestamp=1442191424.319705s
bf0d50be-593c-4c86-b9c9-0f00126651fa cypress timestamp=1442175682.462864s
c1f525f7-691c-4b7c-b710-8680f23f8b33 gazebo timestamp=1442852968.886685s
cea6c714-ad5f-4e06-ad09-4d49db4861d8 bard timestamp=1442175379.325689s
db5985da-e250-4ac3-8ffc-251d7b05f9a1 umeboshi@bard:~/workspace/annexation timestamp=1442693326.31737s
